<?xml version="1.0" encoding="UTF-8"?>
<!-- Generated by org.testng.reporters.JUnitReportReporter -->
<testsuite hostname="ES-Saleemullah" failures="0" tests="1" name="jenkinsdemo" time="8.502" errors="0" timestamp="2021-09-13T13:27:37 PKT" skipped="0">
  <testcase classname="jenkinsdemo" name="login" time="8.502"/>
  <system-out/>
</testsuite> <!-- jenkinsdemo -->
